2023-10-02T09:58:09.104Z info: POST:/api/auth
2023-10-02T09:59:15.012Z info: POST:/api/auth
2023-10-02T10:02:19.191Z info: POST:/api/auth
2023-10-02T10:03:04.187Z info: POST:/api/auth
2023-10-02T10:04:12.408Z info: POST:/jwt/register
2023-10-02T10:05:36.581Z info: POST:/jwt/register
2023-10-02T10:06:47.319Z info: POST:/api/jwt/register
2023-10-02T10:07:54.880Z info: POST:/api/auth/jwt/register
2023-10-02T10:25:25.187Z info: POST:/api/auth/jwt/register
2023-10-04T09:18:18.761Z info: GET:/api/newsposts?page=1&size=6
2023-10-04T09:18:18.764Z info: BODY:{}
2023-10-04T09:18:18.765Z info: FIELDS:{}
2023-10-04T09:18:18.797Z info: GET:/api/newsposts?page=1&size=6
2023-10-04T09:18:18.800Z info: BODY:{}
2023-10-04T09:18:18.802Z info: FIELDS:{}
2023-10-04T09:26:13.765Z info: GET:/api/newsposts?page=1&size=6
2023-10-04T09:26:13.766Z info: BODY:{}
2023-10-04T09:26:13.767Z info: FIELDS:{}
2023-10-04T09:26:13.777Z info: GET:/api/newsposts?page=1&size=6
2023-10-04T09:26:13.778Z info: BODY:{}
2023-10-04T09:26:13.779Z info: FIELDS:{}
2023-10-04T10:01:51.800Z info: GET:/api/newsposts?page=1&size=6
2023-10-04T10:01:51.834Z info: BODY:{}
2023-10-04T10:01:51.835Z info: FIELDS:{}
2023-10-04T10:01:51.885Z info: GET:/api/newsposts?page=1&size=6
2023-10-04T10:01:51.886Z info: BODY:{}
2023-10-04T10:01:51.886Z info: FIELDS:{}
2023-10-04T10:06:58.620Z info: GET:/api/newsposts?page=1&size=6
2023-10-04T10:06:58.621Z info: BODY:{}
2023-10-04T10:06:58.621Z info: FIELDS:{}
2023-10-04T10:06:58.652Z info: GET:/api/newsposts?page=1&size=6
2023-10-04T10:06:58.658Z info: BODY:{}
2023-10-04T10:06:58.659Z info: FIELDS:{}
2023-10-04T10:09:35.206Z info: GET:/api/newsposts?page=1&size=6
2023-10-04T10:09:35.207Z info: BODY:{}
2023-10-04T10:09:35.207Z info: FIELDS:{}
2023-10-04T10:09:35.291Z info: GET:/api/newsposts?page=1&size=6
2023-10-04T10:09:35.291Z info: BODY:{}
2023-10-04T10:09:35.293Z info: FIELDS:{}
2023-10-04T10:10:49.058Z info: GET:/api/newsposts?page=1&size=6
2023-10-04T10:10:49.059Z info: BODY:{}
2023-10-04T10:10:49.059Z info: FIELDS:{}
2023-10-04T10:10:49.070Z info: GET:/api/newsposts?page=1&size=6
2023-10-04T10:10:49.071Z info: BODY:{}
2023-10-04T10:10:49.071Z info: FIELDS:{}
2023-10-04T10:11:50.142Z info: GET:/api/newsposts?page=1&size=6
2023-10-04T10:11:50.142Z info: BODY:{}
2023-10-04T10:11:50.143Z info: FIELDS:{}
2023-10-04T10:11:50.154Z info: GET:/api/newsposts?page=1&size=6
2023-10-04T10:11:50.155Z info: BODY:{}
2023-10-04T10:11:50.155Z info: FIELDS:{}
2023-10-04T10:31:12.861Z info: GET:/api/newsposts?page=1&size=6
2023-10-04T10:31:12.883Z info: BODY:{}
2023-10-04T10:31:12.884Z info: FIELDS:{}
2023-10-04T10:31:19.676Z info: GET:/api/newsposts?page=1&size=6
2023-10-04T10:31:19.678Z info: BODY:{}
2023-10-04T10:31:19.679Z info: FIELDS:{}
2023-10-04T10:31:19.692Z info: GET:/api/newsposts?page=1&size=6
2023-10-04T10:31:19.694Z info: BODY:{}
2023-10-04T10:31:19.695Z info: FIELDS:{}
2023-10-04T10:31:49.940Z info: POST:/api/auth/login
2023-10-04T11:12:39.174Z info: GET:/api/newsposts?page=1&size=6
2023-10-04T11:12:39.181Z info: BODY:{}
2023-10-04T11:12:39.182Z info: FIELDS:{}
2023-10-04T11:12:39.186Z info: GET:/api/newsposts?page=1&size=6
2023-10-04T11:12:39.187Z info: BODY:{}
2023-10-04T11:12:39.188Z info: FIELDS:{}
2023-10-04T11:12:52.741Z info: POST:/api/auth/login
2023-10-04T11:14:05.511Z info: POST:/api/auth/login
2023-10-04T11:16:20.546Z info: GET:/api/newsposts?page=1&size=6
2023-10-04T11:16:20.546Z info: BODY:{}
2023-10-04T11:16:20.547Z info: FIELDS:{}
2023-10-04T11:16:20.630Z info: GET:/api/newsposts?page=1&size=6
2023-10-04T11:16:20.631Z info: BODY:{}
2023-10-04T11:16:20.631Z info: FIELDS:{}
2023-10-04T11:18:25.872Z info: GET:/api/newsposts?page=1&size=6
2023-10-04T11:18:25.873Z info: BODY:{}
2023-10-04T11:18:25.873Z info: FIELDS:{}
2023-10-04T11:18:25.874Z info: GET:/api/newsposts?page=1&size=6
2023-10-04T11:18:25.875Z info: BODY:{}
2023-10-04T11:18:25.875Z info: FIELDS:{}
2023-10-04T11:18:45.856Z info: GET:/api/newsposts?page=1&size=6
2023-10-04T11:18:45.857Z info: BODY:{}
2023-10-04T11:18:45.857Z info: FIELDS:{}
2023-10-04T11:20:18.874Z info: GET:/api/newsposts?page=1&size=6
2023-10-04T11:20:18.875Z info: BODY:{}
2023-10-04T11:20:18.875Z info: FIELDS:{}
2023-10-04T11:22:06.856Z info: GET:/api/newsposts?page=1&size=6
2023-10-04T11:22:06.857Z info: BODY:{}
2023-10-04T11:22:06.857Z info: FIELDS:{}
2023-10-04T11:22:17.891Z info: GET:/api/newsposts?page=1&size=6
2023-10-04T11:22:17.892Z info: BODY:{}
2023-10-04T11:22:17.893Z info: FIELDS:{}
2023-10-04T11:25:36.860Z info: GET:/api/newsposts?page=1&size=6
2023-10-04T11:25:36.860Z info: BODY:{}
2023-10-04T11:25:36.861Z info: FIELDS:{}
2023-10-04T11:27:56.928Z info: GET:/api/newsposts?page=1&size=6
2023-10-04T11:27:56.928Z info: BODY:{}
2023-10-04T11:27:56.929Z info: FIELDS:{}
2023-10-04T11:27:56.931Z info: GET:/api/newsposts?page=1&size=6
2023-10-04T11:27:56.931Z info: BODY:{}
2023-10-04T11:27:56.932Z info: FIELDS:{}
2023-10-04T11:31:11.844Z info: GET:/api/newsposts?page=1&size=6
2023-10-04T11:31:11.845Z info: BODY:{}
2023-10-04T11:31:11.845Z info: FIELDS:{}
2023-10-04T11:31:31.623Z info: GET:/api/newsposts?page=1&size=6
2023-10-04T11:31:31.624Z info: BODY:{}
2023-10-04T11:31:31.625Z info: FIELDS:{}
2023-10-04T11:31:31.626Z info: GET:/api/newsposts?page=1&size=6
2023-10-04T11:31:31.627Z info: BODY:{}
2023-10-04T11:31:31.627Z info: FIELDS:{}
2023-10-04T11:32:41.594Z info: GET:/api/newsposts?page=1&size=6
2023-10-04T11:32:41.595Z info: BODY:{}
2023-10-04T11:32:41.595Z info: FIELDS:{}
2023-10-04T11:32:41.764Z info: GET:/api/newsposts?page=1&size=6
2023-10-04T11:32:41.765Z info: BODY:{}
2023-10-04T11:32:41.766Z info: FIELDS:{}
2023-10-04T11:32:53.292Z info: GET:/api/newsposts?page=1&size=6
2023-10-04T11:32:53.293Z info: BODY:{}
2023-10-04T11:32:53.294Z info: FIELDS:{}
2023-10-04T11:32:53.295Z info: GET:/api/newsposts?page=1&size=6
2023-10-04T11:32:53.296Z info: BODY:{}
2023-10-04T11:32:53.296Z info: FIELDS:{}
2023-10-04T11:33:05.492Z info: POST:/api/auth/login
2023-10-04T11:34:02.516Z info: GET:/api/newsposts?page=1&size=6
2023-10-04T11:34:02.517Z info: BODY:{}
2023-10-04T11:34:02.517Z info: FIELDS:{}
2023-10-04T11:34:02.517Z info: GET:/api/newsposts?page=1&size=6
2023-10-04T11:34:02.518Z info: BODY:{}
2023-10-04T11:34:02.518Z info: FIELDS:{}
2023-10-04T11:34:15.112Z info: GET:/api/newsposts?page=1&size=6
2023-10-04T11:34:15.113Z info: BODY:{}
2023-10-04T11:34:15.113Z info: FIELDS:{}
2023-10-04T11:34:15.114Z info: GET:/api/newsposts?page=1&size=6
2023-10-04T11:34:15.115Z info: BODY:{}
2023-10-04T11:34:15.115Z info: FIELDS:{}
2023-10-04T11:36:07.989Z info: GET:/api/newsposts?page=1&size=6
2023-10-04T11:36:07.994Z info: BODY:{}
2023-10-04T11:36:07.995Z info: FIELDS:{}
2023-10-04T11:36:08.000Z info: GET:/api/newsposts?page=1&size=6
2023-10-04T11:36:08.001Z info: BODY:{}
2023-10-04T11:36:08.002Z info: FIELDS:{}
2023-10-04T11:43:09.023Z info: GET:/api/newsposts?page=1&size=6
2023-10-04T11:43:09.036Z info: BODY:{}
2023-10-04T11:43:09.038Z info: FIELDS:{}
2023-10-04T11:44:16.633Z info: GET:/api/newsposts?page=1&size=6
2023-10-04T11:44:16.635Z info: BODY:{}
2023-10-04T11:44:16.636Z info: FIELDS:{}
2023-10-04T11:44:16.640Z info: GET:/api/newsposts?page=1&size=6
2023-10-04T11:44:16.642Z info: BODY:{}
2023-10-04T11:44:16.642Z info: FIELDS:{}
2023-10-04T11:44:27.185Z info: GET:/api/newsposts?page=1&size=6
2023-10-04T11:44:27.186Z info: BODY:{}
2023-10-04T11:44:27.187Z info: FIELDS:{}
2023-10-04T11:44:50.781Z info: POST:/api/auth/login
2023-10-04T11:46:05.865Z info: GET:/api/newsposts?page=1&size=6
2023-10-04T11:46:05.866Z info: BODY:{}
2023-10-04T11:46:05.869Z info: FIELDS:{}
2023-10-04T11:46:05.967Z info: GET:/api/newsposts?page=1&size=6
2023-10-04T11:46:05.968Z info: BODY:{}
2023-10-04T11:46:05.969Z info: FIELDS:{}
2023-10-04T11:46:13.906Z info: GET:/api/newsposts?page=1&size=6
2023-10-04T11:46:13.907Z info: BODY:{}
2023-10-04T11:46:13.908Z info: FIELDS:{}
2023-10-04T11:46:13.911Z info: GET:/api/newsposts?page=1&size=6
2023-10-04T11:46:13.912Z info: BODY:{}
2023-10-04T11:46:13.912Z info: FIELDS:{}
2023-10-04T11:46:48.863Z info: GET:/api/newsposts?page=1&size=6
2023-10-04T11:46:48.864Z info: BODY:{}
2023-10-04T11:46:48.864Z info: FIELDS:{}
2023-10-04T11:47:10.882Z info: GET:/api/newsposts?page=1&size=6
2023-10-04T11:47:10.884Z info: BODY:{}
2023-10-04T11:47:10.885Z info: FIELDS:{}
2023-10-04T11:47:10.892Z info: GET:/api/newsposts?page=1&size=6
2023-10-04T11:47:10.893Z info: BODY:{}
2023-10-04T11:47:10.894Z info: FIELDS:{}
2023-10-04T11:47:46.852Z info: GET:/api/newsposts?page=1&size=6
2023-10-04T11:47:46.854Z info: BODY:{}
2023-10-04T11:47:46.855Z info: FIELDS:{}
2023-10-04T11:48:04.876Z info: GET:/api/newsposts?page=1&size=6
2023-10-04T11:48:04.878Z info: BODY:{}
2023-10-04T11:48:04.879Z info: FIELDS:{}
2023-10-04T11:48:44.668Z info: GET:/api/newsposts?page=1&size=6
2023-10-04T11:48:44.668Z info: BODY:{}
2023-10-04T11:48:44.669Z info: FIELDS:{}
2023-10-04T11:49:04.881Z info: GET:/api/newsposts?page=1&size=6
2023-10-04T11:49:04.882Z info: BODY:{}
2023-10-04T11:49:04.883Z info: FIELDS:{}
2023-10-04T11:54:49.799Z info: GET:/api/newsposts?page=1&size=6
2023-10-04T11:54:49.801Z info: BODY:{}
2023-10-04T11:54:49.802Z info: FIELDS:{}
2023-10-04T11:54:58.889Z info: GET:/api/newsposts?page=1&size=6
2023-10-04T11:54:58.890Z info: BODY:{}
2023-10-04T11:54:58.891Z info: FIELDS:{}
2023-10-04T11:54:58.893Z info: GET:/api/newsposts?page=1&size=6
2023-10-04T11:54:58.894Z info: BODY:{}
2023-10-04T11:54:58.894Z info: FIELDS:{}
2023-10-04T12:02:11.911Z info: GET:/api/newsposts?page=1&size=6
2023-10-04T12:02:11.915Z info: BODY:{}
2023-10-04T12:02:11.916Z info: FIELDS:{}
2023-10-04T12:02:11.920Z info: GET:/api/newsposts?page=1&size=6
2023-10-04T12:02:11.921Z info: BODY:{}
2023-10-04T12:02:11.921Z info: FIELDS:{}
2023-10-04T12:03:15.838Z info: GET:/api/newsposts?page=1&size=6
2023-10-04T12:03:15.841Z info: BODY:{}
2023-10-04T12:03:15.842Z info: FIELDS:{}
2023-10-04T12:04:52.863Z info: GET:/api/newsposts?page=1&size=6
2023-10-04T12:04:52.866Z info: BODY:{}
2023-10-04T12:04:52.867Z info: FIELDS:{}
2023-10-04T12:05:00.532Z info: GET:/api/newsposts?page=1&size=6
2023-10-04T12:05:00.533Z info: BODY:{}
2023-10-04T12:05:00.536Z info: FIELDS:{}
2023-10-04T12:05:00.551Z info: GET:/api/newsposts?page=1&size=6
2023-10-04T12:05:00.551Z info: BODY:{}
2023-10-04T12:05:00.552Z info: FIELDS:{}
2023-10-04T12:05:12.605Z info: POST:/api/auth/login
2023-10-04T12:08:06.367Z info: GET:/api/newsposts?page=1&size=6
2023-10-04T12:08:06.369Z info: BODY:{}
2023-10-04T12:08:06.369Z info: FIELDS:{}
2023-10-04T12:31:23.567Z info: GET:/api/newsposts?page=1&size=6
2023-10-04T12:31:23.592Z info: BODY:{}
2023-10-04T12:31:23.593Z info: FIELDS:{}
2023-10-04T12:31:23.611Z info: GET:/api/newsposts?page=1&size=6
2023-10-04T12:31:23.617Z info: BODY:{}
2023-10-04T12:31:23.619Z info: FIELDS:{}
2023-10-04T12:42:23.771Z info: GET:/api/newsposts?page=1&size=6
2023-10-04T12:42:23.778Z info: BODY:{}
2023-10-04T12:42:23.780Z info: FIELDS:{}
2023-10-04T12:42:23.787Z info: GET:/api/newsposts?page=1&size=6
2023-10-04T12:42:23.788Z info: BODY:{}
2023-10-04T12:42:23.792Z info: FIELDS:{}
2023-10-04T12:44:32.093Z info: GET:/api/newsposts?page=1&size=6
2023-10-04T12:44:32.095Z info: BODY:{}
2023-10-04T12:44:32.096Z info: FIELDS:{}
2023-10-04T12:44:32.102Z info: GET:/api/newsposts?page=1&size=6
2023-10-04T12:44:32.103Z info: BODY:{}
2023-10-04T12:44:32.103Z info: FIELDS:{}
2023-10-04T12:45:06.536Z info: GET:/api/newsposts?page=1&size=6
2023-10-04T12:45:06.537Z info: BODY:{}
2023-10-04T12:45:06.538Z info: FIELDS:{}
2023-10-04T12:45:06.543Z info: GET:/api/newsposts?page=1&size=6
2023-10-04T12:45:06.544Z info: BODY:{}
2023-10-04T12:45:06.545Z info: FIELDS:{}
2023-10-04T12:47:50.403Z info: GET:/api/newsposts?page=1&size=6
2023-10-04T12:47:50.404Z info: BODY:{}
2023-10-04T12:47:50.404Z info: FIELDS:{}
2023-10-04T12:47:50.411Z info: GET:/api/newsposts?page=1&size=6
2023-10-04T12:47:50.412Z info: BODY:{}
2023-10-04T12:47:50.412Z info: FIELDS:{}
2023-10-04T12:49:36.972Z info: GET:/api/newsposts?page=1&size=6
2023-10-04T12:49:36.973Z info: BODY:{}
2023-10-04T12:49:36.973Z info: FIELDS:{}
2023-10-04T12:49:36.976Z info: GET:/api/newsposts?page=1&size=6
2023-10-04T12:49:36.977Z info: BODY:{}
2023-10-04T12:49:36.978Z info: FIELDS:{}
2023-10-04T12:53:33.917Z info: POST:/api/auth/signup
2023-10-04T12:55:47.294Z info: GET:/api/newsposts?page=1&size=6
2023-10-04T12:55:47.295Z info: BODY:{}
2023-10-04T12:55:47.296Z info: FIELDS:{}
2023-10-04T12:55:47.299Z info: GET:/api/newsposts?page=1&size=6
2023-10-04T12:55:47.300Z info: BODY:{}
2023-10-04T12:55:47.301Z info: FIELDS:{}
2023-10-04T13:02:45.108Z info: POST:/api/auth/login
2023-10-04T13:02:46.031Z info: DELETE:/api/newsposts/8
2023-10-04T13:02:46.034Z info: BODY:{}
2023-10-04T13:02:46.034Z info: FIELDS:{}
2023-10-04T13:20:27.519Z info: GET:/api/newsposts?page=1&size=6
2023-10-04T13:20:27.523Z info: BODY:{}
2023-10-04T13:20:27.523Z info: FIELDS:{}
2023-10-04T13:20:27.527Z info: GET:/api/newsposts?page=1&size=6
2023-10-04T13:20:27.527Z info: BODY:{}
2023-10-04T13:20:27.527Z info: FIELDS:{}
2023-10-04T13:21:44.692Z info: GET:/api/newsposts?page=1&size=6
2023-10-04T13:21:44.694Z info: BODY:{}
2023-10-04T13:21:44.694Z info: FIELDS:{}
2023-10-04T13:21:44.696Z info: GET:/api/newsposts?page=1&size=6
2023-10-04T13:21:44.698Z info: BODY:{}
2023-10-04T13:21:44.699Z info: FIELDS:{}
2023-10-11T09:21:37.652Z info: GET:/api/newsposts
2023-10-11T09:21:37.654Z info: BODY:{}
2023-10-11T09:21:37.655Z info: FIELDS:{}
2023-10-11T09:24:31.638Z info: GET:/api/newsposts?size=10&page=2
2023-10-11T09:24:31.639Z info: BODY:{}
2023-10-11T09:24:31.640Z info: FIELDS:{}
2023-10-11T09:28:50.929Z info: POST:/api/newsposts
2023-10-11T09:28:50.932Z info: BODY:{"title":"hello","text":"world","genre":"Business","isPrivate":true}
2023-10-11T09:28:50.933Z info: FIELDS:{"title":"hello","text":"world","genre":"Business","isPrivate":true}
2023-10-11T09:31:52.361Z error: bad content-type header, unknown content-type: text/plain
2023-10-11T09:32:14.962Z info: PUT:/api/newsposts/6Uop2tKPwTnq8ojxLlLE8
2023-10-11T09:32:14.968Z info: BODY:{"title":"buy","text":"all","genre":"Business","isPrivate":true}
2023-10-11T09:32:14.969Z info: FIELDS:{"title":"buy","text":"all","genre":"Business","isPrivate":true}
2023-10-11T09:35:24.131Z info: PUT:/api/newsposts/6Uop2tKPwTnq8ojxLlLE8
2023-10-11T09:35:24.134Z info: BODY:{"title":"buy","text":"all","genre":"Business","isPrivate":false}
2023-10-11T09:35:24.135Z info: FIELDS:{"title":"buy","text":"all","genre":"Business","isPrivate":false}
2023-10-11T09:37:43.094Z info: POST:/api/newsposts
2023-10-11T09:37:43.098Z info: BODY:{"title":"hello","text":"world","genre":"Business","isPrivate":false}
2023-10-11T09:37:43.099Z info: FIELDS:{"title":"hello","text":"world","genre":"Business","isPrivate":false}
2023-10-11T09:37:56.860Z info: PUT:/api/newsposts/6Uop2tKPwTnq8ojxLlLE8
2023-10-11T09:37:56.861Z info: BODY:{"title":"buy","text":"all","genre":"Business","isPrivate":false}
2023-10-11T09:37:56.862Z info: FIELDS:{"title":"buy","text":"all","genre":"Business","isPrivate":false}
2023-10-11T09:40:09.168Z info: GET:/api/newsposts/9KOlRQPI-qR43IlbYR5Ed
2023-10-11T09:40:09.169Z info: BODY:{}
2023-10-11T09:40:09.170Z info: FIELDS:{}
2023-10-11T09:44:13.345Z error: bad content-type header, unknown content-type: text/plain
2023-10-11T09:44:47.373Z info: DELETE:/api/newsposts/HeF1aGE7ISS5AdqF1hJe1
2023-10-11T09:44:47.387Z info: BODY:{}
2023-10-11T09:44:47.388Z info: FIELDS:{}
2023-10-11T09:50:19.277Z info: GET:/api/newsposts
2023-10-11T09:50:19.284Z info: BODY:{}
2023-10-11T09:50:19.286Z info: FIELDS:{}
2023-10-11T09:52:59.983Z info: POST:/api/newsposts
2023-10-11T09:52:59.989Z info: BODY:{"title":"hello","text":"world","genre":"Business","isPrivate":false}
2023-10-11T09:52:59.991Z info: FIELDS:{"title":"hello","text":"world","genre":"Business","isPrivate":false}
2023-10-11T09:54:40.465Z info: POST:/api/newsposts
2023-10-11T09:54:40.468Z info: BODY:{"title":"hello","text":"world","genre":"Business","isPrivate":false}
2023-10-11T09:54:40.469Z info: FIELDS:{"title":"hello","text":"world","genre":"Business","isPrivate":false}
2023-10-13T07:28:42.394Z info: POST:/api/auth/register
2023-10-13T07:30:58.205Z info: POST:/api/auth/register
2023-10-13T07:40:33.788Z error: Unexpected token o in JSON at position 16
2023-10-13T07:41:16.895Z error: Unexpected token o in JSON at position 16
2023-10-13T07:41:53.501Z error: Unexpected token o in JSON at position 16
2023-10-13T07:42:10.926Z error: Unexpected token o in JSON at position 16
2023-10-13T07:44:28.516Z error: Unexpected token o in JSON at position 16
2023-10-13T07:46:06.822Z info: POST:/api/auth/register
2023-10-13T07:50:10.290Z error: Unexpected token o in JSON at position 16
2023-10-13T07:57:48.967Z error: Unexpected token o in JSON at position 16
2023-10-13T07:59:12.917Z info: POST:/api/auth/login
2023-10-13T07:59:46.228Z info: GET:/api/newsposts
2023-10-13T07:59:46.229Z info: BODY:{}
2023-10-13T07:59:46.230Z info: FIELDS:{}
2023-10-13T08:03:37.787Z info: DELETE:/api/newsposts/HeF1aGE7ISS5AdqF1hJe1
2023-10-13T08:03:37.790Z info: BODY:{}
2023-10-13T08:03:37.790Z info: FIELDS:{}
2023-10-13T08:03:47.339Z info: GET:/api/newsposts/HeF1aGE7ISS5AdqF1hJe1
2023-10-13T08:03:47.340Z info: BODY:{}
2023-10-13T08:03:47.340Z info: FIELDS:{}
2023-10-13T08:03:55.396Z info: POST:/api/newsposts
2023-10-13T08:03:55.397Z info: BODY:{"title":"hello","text":"world","genre":"Business","isPrivate":false}
2023-10-13T08:03:55.397Z info: FIELDS:{"title":"hello","text":"world","genre":"Business","isPrivate":false}
2023-10-13T08:08:23.527Z info: GET:/api/newsposts
2023-10-13T08:08:23.528Z info: BODY:{}
2023-10-13T08:08:23.528Z info: FIELDS:{}
2023-10-13T08:08:45.075Z info: GET:/api/newsposts?size=10&page=2
2023-10-13T08:08:45.075Z info: BODY:{}
2023-10-13T08:08:45.076Z info: FIELDS:{}
2023-10-13T08:09:04.344Z info: POST:/api/newsposts
2023-10-13T08:09:04.349Z info: BODY:{"title":"hello","text":"world","genre":"Business","isPrivate":false}
2023-10-13T08:09:04.354Z info: FIELDS:{"title":"hello","text":"world","genre":"Business","isPrivate":false}
2023-10-13T08:09:26.347Z info: GET:/api/newsposts/-Y6eICCC6hQbA4g__FueI
2023-10-13T08:09:26.348Z info: BODY:{}
2023-10-13T08:09:26.348Z info: FIELDS:{}
2023-10-13T08:09:33.152Z info: PUT:/api/newsposts/-Y6eICCC6hQbA4g__FueI
2023-10-13T08:09:33.152Z info: BODY:{"title":"buy","text":"all","genre":"Business","isPrivate":false}
2023-10-13T08:09:33.153Z info: FIELDS:{"title":"buy","text":"all","genre":"Business","isPrivate":false}
2023-10-13T08:09:40.500Z info: DELETE:/api/newsposts/-Y6eICCC6hQbA4g__FueI
2023-10-13T08:09:40.501Z info: BODY:{}
2023-10-13T08:09:40.501Z info: FIELDS:{}
2023-10-13T08:20:57.153Z info: GET:/api/newsposts?size=10&page=2
2023-10-13T08:20:57.160Z info: BODY:{}
2023-10-13T08:20:57.161Z info: FIELDS:{}
2023-10-13T08:21:04.366Z info: POST:/api/newsposts
2023-10-13T08:21:04.369Z info: BODY:{"title":"hello","text":"world","genre":"Business","isPrivate":false}
2023-10-13T08:21:04.370Z info: FIELDS:{"title":"hello","text":"world","genre":"Business","isPrivate":false}
2023-10-13T12:49:04.807Z info: POST:/api/auth/login
2023-10-13T12:50:39.507Z info: POST:/api/auth/register
2023-10-13T12:51:17.265Z info: POST:/api/auth/register
2023-10-13T12:57:10.527Z info: POST:/api/auth/register
2023-10-13T12:58:24.389Z info: POST:/api/auth/register
2023-10-13T12:59:47.166Z info: POST:/api/auth/register
2023-10-17T16:25:14.014Z info: POST:/api/auth/register
2023-10-18T06:04:26.675Z info: POST:/api/auth/register
2023-10-18T06:11:12.352Z info: POST:/api/auth/register
2023-10-18T06:11:47.404Z info: POST:/api/auth/register
2023-10-18T06:13:09.179Z info: POST:/api/auth/register
2023-10-18T06:17:55.087Z info: POST:/api/auth/register
2023-10-18T06:19:51.745Z info: POST:/api/auth/register
2023-10-19T17:17:37.614Z info: POST:/api/auth/register
2023-10-19T17:18:15.290Z info: POST:/api/auth/register
2023-10-31T11:20:10.621Z info: GET:/api/newsposts?page=1&size=6
2023-10-31T11:20:10.626Z info: BODY:{}
2023-10-31T11:20:10.627Z info: FIELDS:{}
2023-10-31T11:20:11.233Z info: GET:/api/newsposts?page=1&size=6
2023-10-31T11:20:11.235Z info: BODY:{}
2023-10-31T11:20:11.235Z info: FIELDS:{}
2023-10-31T11:20:56.564Z info: POST:/api/auth/login
2023-10-31T11:21:26.519Z info: GET:/api/newsposts
2023-10-31T11:21:26.520Z info: BODY:{}
2023-10-31T11:21:26.520Z info: FIELDS:{}
2023-10-31T11:21:53.914Z info: POST:/api/newsposts
2023-10-31T11:21:53.915Z info: BODY:{"title":"hello","text":"world","genre":"Business","isPrivate":false}
2023-10-31T11:21:53.916Z info: FIELDS:{"title":"hello","text":"world","genre":"Business","isPrivate":false}
2023-10-31T11:22:08.237Z info: GET:/api/newsposts
2023-10-31T11:22:08.237Z info: BODY:{}
2023-10-31T11:22:08.238Z info: FIELDS:{}
2023-10-31T11:45:29.163Z info: POST:/api/newsposts
2023-10-31T11:45:29.168Z info: BODY:{"title":"hello","text":"world","genre":"Business","isPrivate":false}
2023-10-31T11:45:29.168Z info: FIELDS:{"title":"hello","text":"world","genre":"Business","isPrivate":false}
2023-10-31T11:45:47.026Z info: POST:/api/newsposts
2023-10-31T11:45:47.028Z info: BODY:{"title":"buy","text":"world","genre":"Business","isPrivate":true}
2023-10-31T11:45:47.030Z info: FIELDS:{"title":"buy","text":"world","genre":"Business","isPrivate":true}
2023-10-31T11:57:46.676Z info: PUT:/api/newsposts/2
2023-10-31T12:00:24.465Z info: PUT:/api/newsposts/2
2023-10-31T12:01:08.315Z info: PUT:/api/newsposts/2
2023-10-31T15:33:10.450Z info: PUT:/api/newsposts/2
2023-10-31T15:34:35.083Z info: PUT:/api/newsposts/2
2023-10-31T15:35:40.931Z info: PUT:/api/newsposts/2
2023-10-31T15:36:49.623Z info: PUT:/api/newsposts/2
2023-10-31T15:37:30.330Z info: PUT:/api/newsposts/2
2023-10-31T15:58:41.068Z info: GET:/api/newsposts/2
2023-10-31T15:58:41.078Z info: BODY:{}
2023-10-31T15:58:41.079Z info: FIELDS:{}
2023-10-31T15:58:41.085Z error: ERROR:{}
2023-10-31T15:58:41.092Z error: Connection "default" was not found.
2023-10-31T15:59:49.356Z info: GET:/api/newsposts/2
2023-10-31T15:59:49.362Z info: BODY:{}
2023-10-31T15:59:49.363Z info: FIELDS:{}
2023-10-31T15:59:49.372Z error: ERROR:{}
2023-10-31T15:59:49.375Z error: Connection "default" was not found.
2023-10-31T16:01:14.979Z info: GET:/api/newsposts/2
2023-10-31T16:01:14.985Z info: BODY:{}
2023-10-31T16:01:14.987Z info: FIELDS:{}
2023-10-31T16:01:14.995Z error: ERROR:{}
2023-10-31T16:01:14.998Z error: Connection "default" was not found.
2023-10-31T16:04:51.271Z info: GET:/api/newsposts
2023-10-31T16:04:51.332Z info: BODY:{}
2023-10-31T16:04:51.335Z info: FIELDS:{}
2023-10-31T16:06:08.548Z info: POST:/api/auth/login
2023-10-31T16:06:16.027Z info: GET:/api/newsposts
2023-10-31T16:06:16.029Z info: BODY:{}
2023-10-31T16:06:16.033Z info: FIELDS:{}
2023-10-31T16:06:54.378Z info: POST:/api/auth/login
2023-10-31T16:07:27.286Z info: GET:/api/newsposts
2023-10-31T16:07:27.288Z info: BODY:{}
2023-10-31T16:07:27.290Z info: FIELDS:{}
2023-10-31T16:09:09.672Z info: GET:/api/newsposts
2023-10-31T16:09:09.678Z info: BODY:{}
2023-10-31T16:09:09.680Z info: FIELDS:{}
2023-10-31T16:10:47.845Z info: GET:/api/newsposts
2023-10-31T16:10:47.853Z info: BODY:{}
2023-10-31T16:10:47.854Z info: FIELDS:{}
2023-10-31T16:15:13.238Z info: GET:/api/newsposts
2023-10-31T16:15:13.272Z info: BODY:{}
2023-10-31T16:15:13.274Z info: FIELDS:{}
2023-10-31T16:15:28.494Z info: GET:/api/newsposts/2
2023-10-31T16:15:28.497Z info: BODY:{}
2023-10-31T16:15:28.497Z info: FIELDS:{}
2023-10-31T16:15:28.500Z error: ERROR:{}
2023-10-31T16:15:28.505Z error: Connection "default" was not found.
2023-10-31T16:20:40.724Z info: POST:/api/newsposts
2023-10-31T16:20:40.736Z info: BODY:{"title":"buy","text":"world","genre":"Business","isPrivate":true,"author":"{{author}}"}
2023-10-31T16:20:40.740Z info: FIELDS:{"title":"buy","text":"world","genre":"Business","isPrivate":true,"author":"{{author}}"}
2023-10-31T16:20:40.745Z error: ERROR:{"name":"Error","httpCode":400}
2023-10-31T16:20:40.749Z error: : must NOT have additional properties
2023-10-31T16:24:34.076Z info: POST:/api/newsposts
2023-10-31T16:24:34.081Z info: BODY:{"title":"buy","text":"world","genre":"Business","isPrivate":true,"author":"{{author}}"}
2023-10-31T16:24:34.082Z info: FIELDS:{"title":"buy","text":"world","genre":"Business","isPrivate":true,"author":"{{author}}"}
2023-10-31T16:24:34.084Z error: ERROR:{"name":"Error","httpCode":400}
2023-10-31T16:24:34.089Z error: : must have required property 'autor'
2023-10-31T16:26:01.839Z error: Unexpected token { in JSON at position 111
2023-10-31T16:26:44.363Z error: Unexpected token { in JSON at position 111
2023-10-31T16:28:03.254Z info: POST:/api/newsposts
2023-10-31T16:28:03.266Z info: BODY:{"title":"buy","text":"world","genre":"Business","isPrivate":true,"author":"h@io.aa"}
2023-10-31T16:28:03.269Z info: FIELDS:{"title":"buy","text":"world","genre":"Business","isPrivate":true,"author":"h@io.aa"}
2023-10-31T16:28:03.273Z error: ERROR:{"name":"Error","httpCode":400}
2023-10-31T16:28:03.283Z error: : must have required property 'autor'
2023-10-31T16:29:07.257Z info: POST:/api/newsposts
2023-10-31T16:29:07.274Z info: BODY:{"title":"buy","text":"world","genre":"Business","isPrivate":true,"author":"{{author}}"}
2023-10-31T16:29:07.277Z info: FIELDS:{"title":"buy","text":"world","genre":"Business","isPrivate":true,"author":"{{author}}"}
2023-10-31T16:29:07.445Z error: WARN:{"query":"INSERT INTO \"news_post\"(\"title\", \"text\", \"genre\", \"isPrivate\", \"authorId\", \"authorEmail\") VALUES ($1, $2, $3, $4, $5, $6) RETURNING \"id\", \"isPrivate\"","parameters":["buy","world","Business",1,"{{author}}","{{author}}"],"driverError":{"length":210,"name":"error","severity":"ОШИБКА","code":"22P02","where":"неименованный портал, параметр $5 = '...'","file":"numutils.c","line":"235","routine":"pg_strtoint32"},"length":210,"severity":"ОШИБКА","code":"22P02","where":"неименованный портал, параметр $5 = '...'","file":"numutils.c","line":"235","routine":"pg_strtoint32"}
2023-10-31T16:29:07.449Z error: ERROR:{"name":"Error","httpCode":500}
2023-10-31T16:29:07.453Z error: неверный синтаксис для типа integer: "{{author}}"
2023-10-31T16:30:05.993Z error: Unexpected token { in JSON at position 111
2023-10-31T16:30:43.014Z info: POST:/api/newsposts
2023-10-31T16:30:43.022Z info: BODY:{"title":"buy","text":"world","genre":"Business","isPrivate":true,"author":"h@io.aa"}
2023-10-31T16:30:43.024Z info: FIELDS:{"title":"buy","text":"world","genre":"Business","isPrivate":true,"author":"h@io.aa"}
2023-10-31T16:30:43.189Z error: WARN:{"query":"INSERT INTO \"news_post\"(\"title\", \"text\", \"genre\", \"isPrivate\", \"authorId\", \"authorEmail\") VALUES ($1, $2, $3, $4, $5, $6) RETURNING \"id\", \"isPrivate\"","parameters":["buy","world","Business",1,"h@io.aa","h@io.aa"],"driverError":{"length":207,"name":"error","severity":"ОШИБКА","code":"22P02","where":"неименованный портал, параметр $5 = '...'","file":"numutils.c","line":"235","routine":"pg_strtoint32"},"length":207,"severity":"ОШИБКА","code":"22P02","where":"неименованный портал, параметр $5 = '...'","file":"numutils.c","line":"235","routine":"pg_strtoint32"}
2023-10-31T16:30:43.192Z error: ERROR:{"name":"Error","httpCode":500}
2023-10-31T16:30:43.195Z error: неверный синтаксис для типа integer: "h@io.aa"
2023-10-31T16:35:29.489Z info: POST:/api/newsposts
2023-10-31T16:35:29.494Z info: BODY:{"title":"buy","text":"world","genre":"Business","isPrivate":true,"author":"h@io.aa"}
2023-10-31T16:35:29.495Z info: FIELDS:{"title":"buy","text":"world","genre":"Business","isPrivate":true,"author":"h@io.aa"}
2023-10-31T16:35:29.666Z error: WARN:{"query":"INSERT INTO \"news_post\"(\"title\", \"text\", \"genre\", \"isPrivate\", \"authorId\", \"authorEmail\") VALUES ($1, $2, $3, $4, $5, $6) RETURNING \"id\", \"isPrivate\"","parameters":["buy","world","Business",1,"h@io.aa","h@io.aa"],"driverError":{"length":207,"name":"error","severity":"ОШИБКА","code":"22P02","where":"неименованный портал, параметр $5 = '...'","file":"numutils.c","line":"235","routine":"pg_strtoint32"},"length":207,"severity":"ОШИБКА","code":"22P02","where":"неименованный портал, параметр $5 = '...'","file":"numutils.c","line":"235","routine":"pg_strtoint32"}
2023-10-31T16:35:29.672Z error: ERROR:{"name":"Error","httpCode":500}
2023-10-31T16:35:29.674Z error: неверный синтаксис для типа integer: "h@io.aa"
2023-11-02T08:38:11.624Z info: POST:/api/newsposts
2023-11-02T08:38:11.627Z info: BODY:{"title":"buy","text":"world","genre":"Business","isPrivate":true,"author":"h@io.aa"}
2023-11-02T08:38:11.627Z info: FIELDS:{"title":"buy","text":"world","genre":"Business","isPrivate":true,"author":"h@io.aa"}
2023-11-02T08:38:11.839Z error: WARN:{"query":"INSERT INTO \"news_post\"(\"title\", \"text\", \"genre\", \"isPrivate\", \"authorId\", \"authorEmail\") VALUES ($1, $2, $3, $4, $5, $6) RETURNING \"id\", \"isPrivate\"","parameters":["buy","world","Business",1,"h@io.aa","h@io.aa"],"driverError":{"length":207,"name":"error","severity":"ОШИБКА","code":"22P02","where":"неименованный портал, параметр $5 = '...'","file":"numutils.c","line":"235","routine":"pg_strtoint32"},"length":207,"severity":"ОШИБКА","code":"22P02","where":"неименованный портал, параметр $5 = '...'","file":"numutils.c","line":"235","routine":"pg_strtoint32"}
2023-11-02T08:38:11.841Z error: ERROR:{"name":"Error","httpCode":500}
2023-11-02T08:38:11.842Z error: неверный синтаксис для типа integer: "h@io.aa"
2023-11-02T08:39:00.689Z info: POST:/api/newsposts
2023-11-02T08:39:00.695Z info: BODY:{"title":"buy","text":"world","genre":"Business","isPrivate":true,"author":"h@io.aa"}
2023-11-02T08:39:00.698Z info: FIELDS:{"title":"buy","text":"world","genre":"Business","isPrivate":true,"author":"h@io.aa"}
2023-11-02T08:49:13.511Z info: GET:/api/newsposts/null
2023-11-02T08:49:13.515Z info: BODY:{}
2023-11-02T08:49:13.516Z info: FIELDS:{}
2023-11-02T08:49:13.785Z error: ERROR:{"name":"Error","httpCode":500}
2023-11-02T08:49:13.788Z error: неверный синтаксис для типа integer: "NaN"
2023-11-02T08:50:07.773Z info: GET:/api/newsposts/null
2023-11-02T08:50:07.775Z info: BODY:{}
2023-11-02T08:50:07.775Z info: FIELDS:{}
2023-11-02T08:50:07.857Z error: ERROR:{"name":"Error","httpCode":500}
2023-11-02T08:50:07.858Z error: неверный синтаксис для типа integer: "NaN"
2023-11-02T08:51:45.626Z info: GET:/api/newsposts/null
2023-11-02T08:51:45.629Z info: BODY:{}
2023-11-02T08:51:45.629Z info: FIELDS:{}
2023-11-02T08:51:45.744Z error: ERROR:{"name":"Error","httpCode":500}
2023-11-02T08:51:45.745Z error: неверный синтаксис для типа integer: "NaN"
2023-11-02T08:51:58.840Z info: POST:/api/auth/login
2023-11-02T08:52:31.422Z info: GET:/api/newsposts/null
2023-11-02T08:52:31.423Z info: BODY:{}
2023-11-02T08:52:31.423Z info: FIELDS:{}
2023-11-02T08:52:31.512Z error: ERROR:{"name":"Error","httpCode":500}
2023-11-02T08:52:31.513Z error: неверный синтаксис для типа integer: "NaN"
2023-11-02T08:52:57.568Z info: GET:/api/newsposts/%22null%22
2023-11-02T08:52:57.568Z info: BODY:{}
2023-11-02T08:52:57.568Z info: FIELDS:{}
2023-11-02T08:52:57.648Z error: ERROR:{"name":"Error","httpCode":500}
2023-11-02T08:52:57.649Z error: неверный синтаксис для типа integer: "NaN"
2023-11-02T08:53:12.028Z info: GET:/api/newsposts/2
2023-11-02T08:53:12.028Z info: BODY:{}
2023-11-02T08:53:12.029Z info: FIELDS:{}
2023-11-02T08:58:37.289Z info: POST:/api/newsposts
2023-11-02T08:58:37.291Z info: BODY:{"title":"buy","text":"world","genre":"Business","isPrivate":true,"author":"h@io.aa"}
2023-11-02T08:58:37.292Z info: FIELDS:{"title":"buy","text":"world","genre":"Business","isPrivate":true,"author":"h@io.aa"}
2023-11-02T08:59:17.036Z info: POST:/api/newsposts
2023-11-02T08:59:17.040Z info: BODY:{"title":"buy","text":"uuuuu","genre":"Business","isPrivate":true,"author":"h@io.aa"}
2023-11-02T08:59:17.042Z info: FIELDS:{"title":"buy","text":"uuuuu","genre":"Business","isPrivate":true,"author":"h@io.aa"}
2023-11-02T08:59:17.199Z error: WARN:{"query":"INSERT INTO \"news_post\"(\"title\", \"text\", \"genre\", \"isPrivate\", \"authorId\", \"authorEmail\") VALUES ($1, $2, $3, $4, $5, $6) RETURNING \"id\", \"isPrivate\"","parameters":["buy","uuuuu","Business",1,"h@io.aa","h@io.aa"],"driverError":{"length":207,"name":"error","severity":"ОШИБКА","code":"22P02","where":"неименованный портал, параметр $5 = '...'","file":"numutils.c","line":"235","routine":"pg_strtoint32"},"length":207,"severity":"ОШИБКА","code":"22P02","where":"неименованный портал, параметр $5 = '...'","file":"numutils.c","line":"235","routine":"pg_strtoint32"}
2023-11-02T08:59:17.200Z error: ERROR:{"name":"Error","httpCode":500}
2023-11-02T08:59:17.201Z error: неверный синтаксис для типа integer: "h@io.aa"
2023-11-02T09:05:36.247Z info: POST:/api/newsposts
2023-11-02T09:05:36.250Z info: BODY:{"title":"buy","text":"uuuuu","genre":"Business","isPrivate":true,"author":"h@io.aa"}
2023-11-02T09:05:36.251Z info: FIELDS:{"title":"buy","text":"uuuuu","genre":"Business","isPrivate":true,"author":"h@io.aa"}
2023-11-02T09:05:36.377Z error: WARN:{"query":"INSERT INTO \"news_post\"(\"title\", \"text\", \"genre\", \"isPrivate\", \"authorIdId\", \"authorIdEmail\") VALUES ($1, $2, $3, $4, $5, $6) RETURNING \"id\", \"isPrivate\"","parameters":["buy","uuuuu","Business",1,2,2],"driverError":{"length":372,"name":"error","severity":"ОШИБКА","code":"23503","detail":"Ключ (authorIdId, authorIdEmail)=(2, 2) отсутствует в таблице \"user\".","schema":"public","table":"news_post","constraint":"FK_2348504a13968a0fbd2323d7199","file":"ri_triggers.c","line":"2607","routine":"ri_ReportViolation"},"length":372,"severity":"ОШИБКА","code":"23503","detail":"Ключ (authorIdId, authorIdEmail)=(2, 2) отсутствует в таблице \"user\".","schema":"public","table":"news_post","constraint":"FK_2348504a13968a0fbd2323d7199","file":"ri_triggers.c","line":"2607","routine":"ri_ReportViolation"}
2023-11-02T09:05:36.387Z error: ERROR:{"name":"Error","httpCode":500}
2023-11-02T09:05:36.388Z error: INSERT или UPDATE в таблице "news_post" нарушает ограничение внешнего ключа "FK_2348504a13968a0fbd2323d7199"
2023-11-02T09:06:23.528Z info: POST:/api/newsposts
2023-11-02T09:06:23.530Z info: BODY:{"title":"buy","text":"uuuuu","genre":"Business","isPrivate":true,"author":"h@io.aa"}
2023-11-02T09:06:23.531Z info: FIELDS:{"title":"buy","text":"uuuuu","genre":"Business","isPrivate":true,"author":"h@io.aa"}
2023-11-02T09:06:23.611Z error: WARN:{"query":"INSERT INTO \"news_post\"(\"title\", \"text\", \"genre\", \"isPrivate\", \"authorId\", \"authorEmail\") VALUES ($1, $2, $3, $4, $5, $6) RETURNING \"id\", \"isPrivate\"","parameters":["buy","uuuuu","Business",1,"h@io.aa","h@io.aa"],"driverError":{"length":207,"name":"error","severity":"ОШИБКА","code":"22P02","where":"неименованный портал, параметр $5 = '...'","file":"numutils.c","line":"235","routine":"pg_strtoint32"},"length":207,"severity":"ОШИБКА","code":"22P02","where":"неименованный портал, параметр $5 = '...'","file":"numutils.c","line":"235","routine":"pg_strtoint32"}
2023-11-02T09:06:23.613Z error: ERROR:{"name":"Error","httpCode":500}
2023-11-02T09:06:23.613Z error: неверный синтаксис для типа integer: "h@io.aa"
2023-11-02T09:09:32.430Z info: PUT:/api/newsposts/2
2023-11-02T09:09:32.433Z info: BODY:{"title":"buy and buy","text":"all","genre":"Business","isPrivate":false,"author":"h@io.aa"}
2023-11-02T09:09:32.434Z info: FIELDS:{"title":"buy and buy","text":"all","genre":"Business","isPrivate":false,"author":"h@io.aa"}
2023-11-02T09:09:44.072Z info: PUT:/api/newsposts/2
2023-11-02T09:09:44.072Z info: BODY:{"title":"buy and buy","text":"hello","genre":"Business","isPrivate":false,"author":"h@io.aa"}
2023-11-02T09:09:44.073Z info: FIELDS:{"title":"buy and buy","text":"hello","genre":"Business","isPrivate":false,"author":"h@io.aa"}
2023-11-02T09:26:50.120Z info: PUT:/api/newsposts/2
2023-11-02T09:26:50.131Z info: BODY:{"title":"buy and buy","text":"text","genre":"Business","isPrivate":false,"author":"h@io.aa"}
2023-11-02T09:26:50.133Z info: FIELDS:{"title":"buy and buy","text":"text","genre":"Business","isPrivate":false,"author":"h@io.aa"}
2023-11-02T09:26:56.664Z info: PUT:/api/newsposts/12
2023-11-02T09:26:56.666Z info: BODY:{"title":"buy and buy","text":"text","genre":"Business","isPrivate":false,"author":"h@io.aa"}
2023-11-02T09:26:56.667Z info: FIELDS:{"title":"buy and buy","text":"text","genre":"Business","isPrivate":false,"author":"h@io.aa"}
2023-11-02T09:26:56.680Z error: ERROR:{"name":"Error","httpCode":500}
2023-11-02T09:29:41.956Z info: DELETE:/api/newsposts/12
2023-11-02T09:29:41.965Z info: BODY:{}
2023-11-02T09:29:41.970Z info: FIELDS:{}
2023-11-02T09:29:42.345Z error: ERROR:{"name":"Error","httpCode":500}
2023-11-02T09:29:54.013Z info: DELETE:/api/newsposts/2
2023-11-02T09:29:54.018Z info: BODY:{}
2023-11-02T09:29:54.020Z info: FIELDS:{}
2023-11-02T09:50:25.984Z info: POST:/api/newsposts
2023-11-02T09:50:25.989Z info: BODY:{"title":"buy","text":"uuuuu","genre":"Business","isPrivate":true,"author":"h@io.aa"}
2023-11-02T09:50:25.990Z info: FIELDS:{"title":"buy","text":"uuuuu","genre":"Business","isPrivate":true,"author":"h@io.aa"}
2023-11-02T09:50:26.450Z error: WARN:{"query":"INSERT INTO \"news_post\"(\"title\", \"text\", \"genre\", \"isPrivate\", \"authorId\") VALUES ($1, $2, $3, $4, $5) RETURNING \"id\", \"isPrivate\"","parameters":["buy","uuuuu","Business",1,"h@io.aa"],"driverError":{"length":207,"name":"error","severity":"ОШИБКА","code":"22P02","where":"неименованный портал, параметр $5 = '...'","file":"numutils.c","line":"235","routine":"pg_strtoint32"},"length":207,"severity":"ОШИБКА","code":"22P02","where":"неименованный портал, параметр $5 = '...'","file":"numutils.c","line":"235","routine":"pg_strtoint32"}
2023-11-02T09:50:26.456Z error: ERROR:{"name":"Error","httpCode":500}
2023-11-02T09:50:26.460Z error: неверный синтаксис для типа integer: "h@io.aa"
2023-11-02T09:52:40.381Z info: POST:/api/newsposts
2023-11-02T09:52:40.391Z info: BODY:{"title":"buy","text":"uuuuu","genre":"Business","isPrivate":true,"author":"h@io.aa"}
2023-11-02T09:52:40.392Z info: FIELDS:{"title":"buy","text":"uuuuu","genre":"Business","isPrivate":true,"author":"h@io.aa"}
2023-11-02T09:53:09.943Z info: POST:/api/newsposts
2023-11-02T09:53:09.944Z info: BODY:{"title":"buy","text":"hello","genre":"Business","isPrivate":true,"author":"h@io.aa"}
2023-11-02T09:53:09.945Z info: FIELDS:{"title":"buy","text":"hello","genre":"Business","isPrivate":true,"author":"h@io.aa"}
2023-11-08T12:41:51.154Z info: GET:/api/newsposts
2023-11-08T12:41:51.161Z info: BODY:{}
2023-11-08T12:41:51.162Z info: FIELDS:{}
2023-11-08T12:46:56.511Z info: GET:/api/newsposts
2023-11-08T12:46:56.520Z info: BODY:{}
2023-11-08T12:46:56.521Z info: FIELDS:{}
